<?xml version="1.0" encoding="UTF-8"?>
<!-- Generated by org.testng.reporters.JUnitReportReporter -->
<testsuite hostname="DESKTOP-J0JRTGS" failures="0" tests="1" name="MaxServiceTest" time="0.010" errors="0" timestamp="2023-11-20T16:27:05 YEKT" skipped="0">
  <testcase classname="MaxServiceTest" name="ShouldFindMax" time="0.010"/>
</testsuite> <!-- MaxServiceTest -->
